Using pre-set license
Built from '2020.3/staging' branch; Version is '2020.3.14f1 (d0d1bb862f9d) revision 13685179'; Using compiler version '192528614'; Build Type 'Release'
OS: 'Windows 10 Home; OS build 22000.1335; Version 2009; 64bit' Language: 'zh' Physical Memory: 15790 MB
BatchMode: 1, IsHumanControllingUs: 0, StartBugReporterOnCrash: 0, Is64bit: 1, IsPro: 0

 COMMAND LINE ARGUMENTS:
C:\Program Files\Unity\Hub\Editor\2020.3.14f1\Editor\Unity.exe
-adb2
-batchMode
-noUpm
-name
AssetImportWorker0
-projectPath
C:/ARVR/w
-logFile
Logs/AssetImportWorker0.log
-srvPort
56435
Successfully changed project path to: C:/ARVR/w
C:/ARVR/w
Using Asset Import Pipeline V2.
Refreshing native plugins compatible for Editor in 56.64 ms, found 2 plugins.
Preloading 0 native plugins for Editor in 0.00 ms.
Initialize engine version: 2020.3.14f1 (d0d1bb862f9d)
[Subsystems] Discovering subsystems at path C:/Program Files/Unity/Hub/Editor/2020.3.14f1/Editor/Data/Resources/UnitySubsystems
[Subsystems] Discovering subsystems at path C:/ARVR/w/Assets
GfxDevice: creating device client; threaded=0
Direct3D:
    Version:  Direct3D 11.0 [level 11.1]
    Renderer: NVIDIA GeForce RTX 3050 Laptop GPU (ID=0x25a2)
    Vendor:   
    VRAM:     3991 MB
    Driver:   30.0.15.1278
Initialize mono
Mono path[0] = 'C:/Program Files/Unity/Hub/Editor/2020.3.14f1/Editor/Data/Managed'
Mono path[1] = 'C:/Program Files/Unity/Hub/Editor/2020.3.14f1/Editor/Data/MonoBleedingEdge/lib/mono/unityjit'
Mono config path = 'C:/Program Files/Unity/Hub/Editor/2020.3.14f1/Editor/Data/MonoBleedingEdge/etc'
Using monoOptions --debugger-agent=transport=dt_socket,embedding=1,server=y,suspend=n,address=127.0.0.1:56936
Begin MonoManager ReloadAssembly
Registering precompiled unity dll's ...
Register platform support module: C:/Program Files/Unity/Hub/Editor/2020.3.14f1/Editor/Data/PlaybackEngines/WindowsStandaloneSupport/UnityEditor.WindowsStandalone.Extensions.dll
Registered in 0.002629 seconds.
Native extension for WindowsStandalone target not found
Refreshing native plugins compatible for Editor in 58.28 ms, found 2 plugins.
Preloading 0 native plugins for Editor in 0.00 ms.
Mono: successfully reloaded assembly
- Completed reload, in  2.812 seconds
Domain Reload Profiling:
	ReloadAssembly (2812ms)
		BeginReloadAssembly (72ms)
			ExecutionOrderSort (0ms)
			DisableScriptedObjects (0ms)
			BackupInstance (0ms)
			ReleaseScriptingObjects (0ms)
			CreateAndSetChildDomain (1ms)
		EndReloadAssembly (544ms)
			LoadAssemblies (69ms)
			RebuildTransferFunctionScriptingTraits (0ms)
			SetupTypeCache (167ms)
			ReleaseScriptCaches (0ms)
			RebuildScriptCaches (36ms)
			SetupLoadedEditorAssemblies (253ms)
				LogAssemblyErrors (0ms)
				InitializePlatformSupportModulesInManaged (5ms)
				SetLoadedEditorAssemblies (0ms)
				RefreshPlugins (59ms)
				BeforeProcessingInitializeOnLoad (16ms)
				ProcessInitializeOnLoadAttributes (127ms)
				ProcessInitializeOnLoadMethodAttributes (46ms)
				AfterProcessingInitializeOnLoad (0ms)
				EditorAssembliesLoaded (0ms)
			ExecutionOrderSort2 (0ms)
			AwakeInstancesAfterBackupRestoration (0ms)
Platform modules already initialized, skipping
Registering precompiled user dll's ...
Registered in 0.007413 seconds.
Begin MonoManager ReloadAssembly
Native extension for WindowsStandalone target not found
Refreshing native plugins compatible for Editor in 0.57 ms, found 2 plugins.
Preloading 0 native plugins for Editor in 0.00 ms.
Mono: successfully reloaded assembly
- Completed reload, in  1.184 seconds
Domain Reload Profiling:
	ReloadAssembly (1186ms)
		BeginReloadAssembly (161ms)
			ExecutionOrderSort (0ms)
			DisableScriptedObjects (5ms)
			BackupInstance (0ms)
			ReleaseScriptingObjects (0ms)
			CreateAndSetChildDomain (19ms)
		EndReloadAssembly (948ms)
			LoadAssemblies (114ms)
			RebuildTransferFunctionScriptingTraits (0ms)
			SetupTypeCache (319ms)
			ReleaseScriptCaches (0ms)
			RebuildScriptCaches (55ms)
			SetupLoadedEditorAssemblies (359ms)
				LogAssemblyErrors (0ms)
				InitializePlatformSupportModulesInManaged (6ms)
				SetLoadedEditorAssemblies (1ms)
				RefreshPlugins (1ms)
				BeforeProcessingInitializeOnLoad (100ms)
				ProcessInitializeOnLoadAttributes (238ms)
				ProcessInitializeOnLoadMethodAttributes (5ms)
				AfterProcessingInitializeOnLoad (9ms)
				EditorAssembliesLoaded (0ms)
			ExecutionOrderSort2 (0ms)
			AwakeInstancesAfterBackupRestoration (7ms)
Platform modules already initialized, skipping
========================================================================
Worker process is ready to serve import requests
Launched and connected shader compiler UnityShaderCompiler.exe after 0.06 seconds
Refreshing native plugins compatible for Editor in 0.86 ms, found 2 plugins.
Preloading 0 native plugins for Editor in 0.00 ms.
Unloading 2036 Unused Serialized files (Serialized files now loaded: 0)
System memory in use before: 165.4 MB.
System memory in use after: 165.5 MB.

Unloading 20 unused Assets to reduce memory usage. Loaded Objects now: 2473.
Total: 3.617600 ms (FindLiveObjects: 0.300900 ms CreateObjectMapping: 0.076900 ms MarkObjects: 3.049300 ms  DeleteObjects: 0.188600 ms)

AssetImportParameters requested are different than current active one (requested -> active):
  custom:framework-win-MediaFoundation: 216162199b28c13a410421893ffa2e32 -> 
  custom:video-decoder-ogg-theora: a1e56fd34408186e4bbccfd4996cb3dc -> 
  custom:container-muxer-webm: aa71ff27fc2769a1b78a27578f13a17b -> 
  custom:container-demuxer-webm: 4f35f7cbe854078d1ac9338744f61a02 -> 
  custom:container-demuxer-ogg: 62fdf1f143b41e24485cea50d1cbac27 -> 
  custom:video-encoder-webm-vp8: eb34c28f22e8b96e1ab97ce403110664 -> 
  custom:video-codec-MediaFoundation-h265: 746d11721c4dcdbdad8f713fa42b33f4 -> 
  custom:video-decoder-webm-vp8: 9c59270c3fd7afecdb556c50c9e8de78 -> 
  custom:audio-decoder-ogg-vorbis: bf7c407c2cedff20999df2af8eb42d56 -> 
  custom:audio-encoder-webm-vorbis: bf7c407c2cedff20999df2af8eb42d56 -> 
========================================================================
Received Import Request.
  path: Assets/IgniteCoders/Simple Water Shader/Prefabs/WaterBlock_50m.prefab
  artifactKey: Guid(7097ba7ba649e1f41bba232312bdcbd8) Importer(815301076,1909f56bfc062723c751e8b465ee728b)
Start importing Assets/IgniteCoders/Simple Water Shader/Prefabs/WaterBlock_50m.prefab using Guid(7097ba7ba649e1f41bba232312bdcbd8) Importer(815301076,1909f56bfc062723c751e8b465ee728b)  -> (artifact id: '747f263261297848aad21ba7b5811030') in 0.119177 seconds 
  Import took 0.123743 seconds .

========================================================================
Received Import Request.
  Time since last request: 0.000378 seconds.
  path: Assets/IgniteCoders/Simple Water Shader/Prefabs
  artifactKey: Guid(659a758b0bea88342a8f7d3812ab9415) Importer(815301076,1909f56bfc062723c751e8b465ee728b)
Start importing Assets/IgniteCoders/Simple Water Shader/Prefabs using Guid(659a758b0bea88342a8f7d3812ab9415) Importer(815301076,1909f56bfc062723c751e8b465ee728b)  -> (artifact id: '5412fffd1b367bc9dc7227334b28a39a') in 0.004104 seconds 
  Import took 0.007927 seconds .

========================================================================
Received Import Request.
  Time since last request: 0.000295 seconds.
  path: Assets/IgniteCoders/Simple Water Shader/Prefabs/WaterReflectionCamera.prefab
  artifactKey: Guid(838c0bef810bfe94d8e33947c3cba7c6) Importer(815301076,1909f56bfc062723c751e8b465ee728b)
Start importing Assets/IgniteCoders/Simple Water Shader/Prefabs/WaterReflectionCamera.prefab using Guid(838c0bef810bfe94d8e33947c3cba7c6) Importer(815301076,1909f56bfc062723c751e8b465ee728b)  -> (artifact id: '73ec7bd0e6f3c6df6c50d6cdfedc84c9') in 0.009274 seconds 
  Import took 0.013243 seconds .

========================================================================
Received Import Request.
  Time since last request: 0.000297 seconds.
  path: Assets/IgniteCoders/Simple Water Shader
  artifactKey: Guid(dd96ca31b858ee04aaa790ef8c151864) Importer(815301076,1909f56bfc062723c751e8b465ee728b)
Start importing Assets/IgniteCoders/Simple Water Shader using Guid(dd96ca31b858ee04aaa790ef8c151864) Importer(815301076,1909f56bfc062723c751e8b465ee728b)  -> (artifact id: 'd15bcb76aaa428443785127f68d82107') in 0.003990 seconds 
  Import took 0.007728 seconds .

========================================================================
Received Prepare
Registering precompiled user dll's ...
Registered in 0.007832 seconds.
Begin MonoManager ReloadAssembly
Native extension for WindowsStandalone target not found
Refreshing native plugins compatible for Editor in 0.54 ms, found 2 plugins.
Preloading 0 native plugins for Editor in 0.00 ms.
Mono: successfully reloaded assembly
- Completed reload, in  1.178 seconds
Domain Reload Profiling:
	ReloadAssembly (1178ms)
		BeginReloadAssembly (154ms)
			ExecutionOrderSort (0ms)
			DisableScriptedObjects (6ms)
			BackupInstance (0ms)
			ReleaseScriptingObjects (0ms)
			CreateAndSetChildDomain (37ms)
		EndReloadAssembly (934ms)
			LoadAssemblies (129ms)
			RebuildTransferFunctionScriptingTraits (0ms)
			SetupTypeCache (322ms)
			ReleaseScriptCaches (1ms)
			RebuildScriptCaches (42ms)
			SetupLoadedEditorAssemblies (344ms)
				LogAssemblyErrors (0ms)
				InitializePlatformSupportModulesInManaged (6ms)
				SetLoadedEditorAssemblies (1ms)
				RefreshPlugins (1ms)
				BeforeProcessingInitializeOnLoad (94ms)
				ProcessInitializeOnLoadAttributes (230ms)
				ProcessInitializeOnLoadMethodAttributes (5ms)
				AfterProcessingInitializeOnLoad (9ms)
				EditorAssembliesLoaded (0ms)
			ExecutionOrderSort2 (0ms)
			AwakeInstancesAfterBackupRestoration (7ms)
Platform modules already initialized, skipping
Refreshing native plugins compatible for Editor in 0.61 ms, found 2 plugins.
Preloading 0 native plugins for Editor in 0.00 ms.
Unloading 1993 Unused Serialized files (Serialized files now loaded: 0)
System memory in use before: 165.0 MB.
System memory in use after: 165.0 MB.

Unloading 18 unused Assets to reduce memory usage. Loaded Objects now: 2480.
Total: 2.617000 ms (FindLiveObjects: 0.232900 ms CreateObjectMapping: 0.060800 ms MarkObjects: 2.227400 ms  DeleteObjects: 0.093800 ms)

AssetImportParameters requested are different than current active one (requested -> active):
  custom:framework-win-MediaFoundation: 216162199b28c13a410421893ffa2e32 -> 
  custom:video-decoder-ogg-theora: a1e56fd34408186e4bbccfd4996cb3dc -> 
  custom:container-muxer-webm: aa71ff27fc2769a1b78a27578f13a17b -> 
  custom:container-demuxer-webm: 4f35f7cbe854078d1ac9338744f61a02 -> 
  custom:container-demuxer-ogg: 62fdf1f143b41e24485cea50d1cbac27 -> 
  custom:video-encoder-webm-vp8: eb34c28f22e8b96e1ab97ce403110664 -> 
  custom:video-codec-MediaFoundation-h265: 746d11721c4dcdbdad8f713fa42b33f4 -> 
  custom:video-decoder-webm-vp8: 9c59270c3fd7afecdb556c50c9e8de78 -> 
  custom:audio-decoder-ogg-vorbis: bf7c407c2cedff20999df2af8eb42d56 -> 
  custom:audio-encoder-webm-vorbis: bf7c407c2cedff20999df2af8eb42d56 -> 
========================================================================
Received Import Request.
  Time since last request: 163.437524 seconds.
  path: Assets/Stylized Water For URP/Materials/Beach.mat
  artifactKey: Guid(8aaa66d84e5e3734c9d80569abe197e6) Importer(815301076,1909f56bfc062723c751e8b465ee728b)
Start importing Assets/Stylized Water For URP/Materials/Beach.mat using Guid(8aaa66d84e5e3734c9d80569abe197e6) Importer(815301076,1909f56bfc062723c751e8b465ee728b)  -> (artifact id: 'b45279e454ce60b350a0da9fb1f7e6cf') in 0.066735 seconds 
  Import took 0.070597 seconds .

========================================================================
Received Import Request.
  Time since last request: 0.000286 seconds.
  path: Assets/Stylized Water For URP/Materials/Underwater.mat
  artifactKey: Guid(a0f631408cd8dc04c926f4f7d32f27d4) Importer(815301076,1909f56bfc062723c751e8b465ee728b)
Start importing Assets/Stylized Water For URP/Materials/Underwater.mat using Guid(a0f631408cd8dc04c926f4f7d32f27d4) Importer(815301076,1909f56bfc062723c751e8b465ee728b)  -> (artifact id: 'eff2b64d570dfc4f2c89189d756e4afb') in 0.015064 seconds 
  Import took 0.020295 seconds .

========================================================================
Received Import Request.
  Time since last request: 0.000355 seconds.
  path: Assets/Stylized Water For URP/Materials/Ocean.mat
  artifactKey: Guid(d337fc5282607644ebb2f3575513265e) Importer(815301076,1909f56bfc062723c751e8b465ee728b)
Start importing Assets/Stylized Water For URP/Materials/Ocean.mat using Guid(d337fc5282607644ebb2f3575513265e) Importer(815301076,1909f56bfc062723c751e8b465ee728b)  -> (artifact id: '3c626010a25175dde1d3c3a813580ed2') in 0.015425 seconds 
  Import took 0.020179 seconds .

========================================================================
Received Import Request.
  Time since last request: 0.000309 seconds.
  path: Assets/Stylized Water For URP/Materials/Wavy.mat
  artifactKey: Guid(55017f1a01259744a8e40a41b5c5920d) Importer(815301076,1909f56bfc062723c751e8b465ee728b)
Start importing Assets/Stylized Water For URP/Materials/Wavy.mat using Guid(55017f1a01259744a8e40a41b5c5920d) Importer(815301076,1909f56bfc062723c751e8b465ee728b)  -> (artifact id: '301f611aaf755ef278a43187c1b00321') in 0.018734 seconds 
  Import took 0.023214 seconds .

========================================================================
Received Import Request.
  Time since last request: 0.000376 seconds.
  path: Assets/Stylized Water For URP/Materials/Windwaker.mat
  artifactKey: Guid(ea66d3ba3c5ac7d498707e8c9e54524f) Importer(815301076,1909f56bfc062723c751e8b465ee728b)
Start importing Assets/Stylized Water For URP/Materials/Windwaker.mat using Guid(ea66d3ba3c5ac7d498707e8c9e54524f) Importer(815301076,1909f56bfc062723c751e8b465ee728b)  -> (artifact id: 'f04903feb1c52a3656aa5f908edf8f52') in 0.015194 seconds 
  Import took 0.020086 seconds .

========================================================================
Received Import Request.
  Time since last request: 1.202987 seconds.
  path: Assets/Stylized Water For URP/Meshes/Circular Plane.fbx
  artifactKey: Guid(a4328de531d19f2429bc9f98f0e9f9c6) Importer(815301076,1909f56bfc062723c751e8b465ee728b)
Start importing Assets/Stylized Water For URP/Meshes/Circular Plane.fbx using Guid(a4328de531d19f2429bc9f98f0e9f9c6) Importer(815301076,1909f56bfc062723c751e8b465ee728b)  -> (artifact id: '4fc37d3646cf1f57b3bd0819a272ebae') in 0.269682 seconds 
  Import took 0.273312 seconds .

========================================================================
Received Import Request.
  Time since last request: 0.000284 seconds.
  path: Assets/Stylized Water For URP/Meshes/Square Plane.fbx
  artifactKey: Guid(fb606524fcd88254ba3dad41413af47c) Importer(815301076,1909f56bfc062723c751e8b465ee728b)
Start importing Assets/Stylized Water For URP/Meshes/Square Plane.fbx using Guid(fb606524fcd88254ba3dad41413af47c) Importer(815301076,1909f56bfc062723c751e8b465ee728b)  -> (artifact id: '1700f0e41fdbd132ec14264e25737810') in 0.033557 seconds 
  Import took 0.037419 seconds .

========================================================================
Received Import Request.
  Time since last request: 0.000356 seconds.
  path: Assets/Stylized Water For URP/Meshes/Hexagonal Plane.fbx
  artifactKey: Guid(3a3d08dbcecd2834e906f945a31ac7c7) Importer(815301076,1909f56bfc062723c751e8b465ee728b)
Start importing Assets/Stylized Water For URP/Meshes/Hexagonal Plane.fbx using Guid(3a3d08dbcecd2834e906f945a31ac7c7) Importer(815301076,1909f56bfc062723c751e8b465ee728b)  -> (artifact id: '5afb6f3c0cb1cf0f1dd189bc37b0b57b') in 0.032590 seconds 
  Import took 0.037339 seconds .

========================================================================
Received Import Request.
  Time since last request: 2.677811 seconds.
  path: Assets/Stylized Water For URP/Prefabs/Circular Water.prefab
  artifactKey: Guid(dc9bedbb650f5f9409c2161ad5f872f1) Importer(815301076,1909f56bfc062723c751e8b465ee728b)
Start importing Assets/Stylized Water For URP/Prefabs/Circular Water.prefab using Guid(dc9bedbb650f5f9409c2161ad5f872f1) Importer(815301076,1909f56bfc062723c751e8b465ee728b)  -> (artifact id: '4077f55382b763524049dc8fa1960469') in 0.013820 seconds 
  Import took 0.017360 seconds .

========================================================================
Received Import Request.
  Time since last request: 0.000225 seconds.
  path: Assets/Stylized Water For URP/Prefabs/Hexagonal Water.prefab
  artifactKey: Guid(d1a87658e7cd315438ddef4749540b48) Importer(815301076,1909f56bfc062723c751e8b465ee728b)
Start importing Assets/Stylized Water For URP/Prefabs/Hexagonal Water.prefab using Guid(d1a87658e7cd315438ddef4749540b48) Importer(815301076,1909f56bfc062723c751e8b465ee728b)  -> (artifact id: '931fa9f33808f0aa3313bb020db4b51f') in 0.015483 seconds 
  Import took 0.019382 seconds .

========================================================================
Received Import Request.
  Time since last request: 0.000290 seconds.
  path: Assets/Stylized Water For URP/Prefabs/Square Water.prefab
  artifactKey: Guid(b1b6a4a4712a0364bbffc21e45491ba2) Importer(815301076,1909f56bfc062723c751e8b465ee728b)
Start importing Assets/Stylized Water For URP/Prefabs/Square Water.prefab using Guid(b1b6a4a4712a0364bbffc21e45491ba2) Importer(815301076,1909f56bfc062723c751e8b465ee728b)  -> (artifact id: '0fed17df108590267a6d32aa28f64429') in 0.016929 seconds 
  Import took 0.021231 seconds .

========================================================================
Received Import Request.
  Time since last request: 50.298870 seconds.
  path: Assets/Stylized Water For URP/Demos/URP Pipeline.asset
  artifactKey: Guid(d08d737d809248046b7aba7d3bb3b1cc) Importer(815301076,1909f56bfc062723c751e8b465ee728b)
Start importing Assets/Stylized Water For URP/Demos/URP Pipeline.asset using Guid(d08d737d809248046b7aba7d3bb3b1cc) Importer(815301076,1909f56bfc062723c751e8b465ee728b)  -> (artifact id: 'b38d7792c5c33e26362e15a380f70f0b') in 0.010622 seconds 
  Import took 0.015398 seconds .

========================================================================
Received Import Request.
  Time since last request: 0.000748 seconds.
  path: Assets/Stylized Water For URP/Demos/URP Renderer.asset
  artifactKey: Guid(71ee5540c6b45a74e80dbb938fa0dc73) Importer(815301076,1909f56bfc062723c751e8b465ee728b)
Start importing Assets/Stylized Water For URP/Demos/URP Renderer.asset using Guid(71ee5540c6b45a74e80dbb938fa0dc73) Importer(815301076,1909f56bfc062723c751e8b465ee728b)  -> (artifact id: '1283aeab69a6746732351599270ee3f0') in 0.006320 seconds 
  Import took 0.010871 seconds .

========================================================================
Received Import Request.
  Time since last request: 6.233285 seconds.
  path: Assets/Stylized Water For URP/Demos/Beach
  artifactKey: Guid(bd2cb7d432d7e144b8d9dcf20262c432) Importer(815301076,1909f56bfc062723c751e8b465ee728b)
Start importing Assets/Stylized Water For URP/Demos/Beach using Guid(bd2cb7d432d7e144b8d9dcf20262c432) Importer(815301076,1909f56bfc062723c751e8b465ee728b)  -> (artifact id: '5c87e29e32948bafed954d1cb438d965') in 0.003759 seconds 
  Import took 0.007935 seconds .

========================================================================
Received Import Request.
  Time since last request: 0.085908 seconds.
  path: Assets/Stylized Water For URP/Demos/Beach/Sand.mat
  artifactKey: Guid(b8131d8718aa9414a89854eff3db1bd3) Importer(815301076,1909f56bfc062723c751e8b465ee728b)
Start importing Assets/Stylized Water For URP/Demos/Beach/Sand.mat using Guid(b8131d8718aa9414a89854eff3db1bd3) Importer(815301076,1909f56bfc062723c751e8b465ee728b)  -> (artifact id: 'acf2e8ca90be17e56b1bcf4f0a380c35') in 0.011328 seconds 
  Import took 0.015110 seconds .

========================================================================
Received Import Request.
  Time since last request: 0.971393 seconds.
  path: Assets/Stylized Water For URP/Demos/Beach/Beach Demo.unity
  artifactKey: Guid(542634816050fd94782eb61249d01c0f) Importer(815301076,1909f56bfc062723c751e8b465ee728b)
Start importing Assets/Stylized Water For URP/Demos/Beach/Beach Demo.unity using Guid(542634816050fd94782eb61249d01c0f) Importer(815301076,1909f56bfc062723c751e8b465ee728b)  -> (artifact id: '5ab009e271a2e08c871c2f269ba9a074') in 0.004126 seconds 
  Import took 0.007906 seconds .

AssetImportWorkerClient::OnTransportError - code=2 error=End of file
